Arguments: 
  /usr/local/Cellar/node/15.2.1/bin/node /usr/local/Cellar/yarn/1.22.10/libexec/bin/yarn.js publish

PATH: 
  /usr/local/bin:/Users/dylan_developer/.nvm/versions/node/v15.2.1/bin:/usr/local/bin:/usr/bin:/bin:/usr/sbin:/sbin:/Library/Apple/usr/bin:/Users/dylan_developer/.nvm/versions/node/v15.2.1/bin

Yarn version: 
  1.22.10

Node version: 
  15.2.1

Platform: 
  darwin x64

Trace: 
  Error: canceled
      at Interface.<anonymous> (/usr/local/Cellar/yarn/1.22.10/libexec/lib/cli.js:137009:13)
      at Interface.emit (node:events:329:20)
      at Interface._ttyWrite (node:readline:875:16)
      at ReadStream.onkeypress (node:readline:213:10)
      at ReadStream.emit (node:events:329:20)
      at emitKeys (node:internal/readline/utils:345:14)
      at emitKeys.next (<anonymous>)
      at ReadStream.onData (node:readline:1144:36)
      at ReadStream.emit (node:events:329:20)
      at addChunk (node:internal/streams/readable:304:12)

npm manifest: 
  {
    "name": "pooltogether-api-monorepo",
    "version": "1.0.0",
    "author": "PoolTogether <hello@pooltogether.com>",
    "license": "MIT",
    "description": "API for PoolTogether data",
    "devDependencies": {
      "lerna": "^4.0.0"
    }
  }

yarn manifest: 
  No manifest

Lockfile: 
  No lockfile
